C51 COMPILER V9.60.0.0   ALCOHOL_DETECTION                                                 04/15/2021 21:24:19 PAGE 1   


C51 COMPILER V9.60.0.0, COMPILATION OF MODULE ALCOHOL_DETECTION
OBJECT MODULE PLACED IN .\Objects\alcohol_detection.obj
COMPILER INVOKED BY: C:\Keil_v5\C51\BIN\C51.EXE alcohol_detection.c OPTIMIZE(8,SPEED) BROWSE DEBUG OBJECTEXTEND PRINT(.\
                    -Listings\alcohol_detection.lst) TABS(2) OBJECT(.\Objects\alcohol_detection.obj)

line level    source

   1          #include<reg51.h>
   2          
   3          //for lcd screen
   4          sbit rs=P1^0;
   5          sbit rw=P1^1;
   6          sbit en=P1^2;
   7          
   8          //for gas sensor
   9          sbit sensor=P1^7;
  10          
  11          //for engine
  12          sbit motor=P0^7;
  13          
  14          //for buzzer
  15          sbit buzzer=P3^0;
  16          
  17          //function declaration for lcd screen
  18          void lcdinit();
  19          void lcdcmd(unsigned char);
  20          void lcddat(unsigned char );
  21          void lcddis(unsigned char *);
  22          void delay();
  23          void main()
  24          {
  25   1        sensor=1;
  26   1        buzzer=0;
  27   1        motor=0x09;
  28   1        lcdinit();
  29   1        lcddis("WELCOME BACK TO  ");
  30   1        lcdcmd(0xc0);
  31   1        lcddis("THE CAR SIR");
  32   1        delay();
  33   1        
  34   1        while(1)
  35   1        {
  36   2        
  37   2          if(sensor==1)                          //alcohol detected
  38   2          {
  39   3          
  40   3            back3:lcdcmd(0x01);                  //clearing the screen
  41   3            lcddis("ALCOHOL DETECTED");
  42   3            lcdcmd(0x01);
  43   3           lcddis("TURNING OFF THE");
  44   3            lcdcmd(0xc0);                       //cursor on next line
  45   3            lcddis("ENGINE!!!!");
  46   3            motor=0x09;                         //engine stopped
  47   3            buzzer=1;                           //buzzer turns on
  48   3            back:lcdcmd(0x01);
  49   3            lcddis("ENGINE TURNED");
  50   3              lcdcmd(0xc0);
  51   3            lcddis("OFF....");
  52   3            if(sensor==0)                       //no alcohol
  53   3            { 
  54   4              buzzer=0;                         //buzzer off
C51 COMPILER V9.60.0.0   ALCOHOL_DETECTION                                                 04/15/2021 21:24:19 PAGE 2   

  55   4              lcdcmd(0x01);
  56   4              lcddis("TURNING ON THE ");
  57   4              lcdcmd(0xc0);
  58   4              lcddis("ENGINE AGAIN..");
  59   4            
  60   4              goto back1;
  61   4            }
  62   3            goto back;
  63   3            
  64   3            
  65   3            
  66   3            
  67   3            
  68   3            
  69   3          }
  70   2          if(sensor==0)                              
  71   2          {
  72   3            back1:motor=0x00;
  73   3            buzzer=0;
  74   3            lcdcmd(0x01);
  75   3            lcddis("HAPPY JOURNEY");
  76   3            back2:lcdcmd(0x01);
  77   3            lcddis("NO ALCOHOL ");
  78   3            lcdcmd(0xC0);
  79   3           lcddis("DETECTED...");
  80   3            lcdcmd(0x01);
  81   3            lcddis("KEEP GOING..");
  82   3            if(sensor==1)
  83   3            {
  84   4             goto back3;
  85   4            }
  86   3            goto back2;
  87   3          
  88   3          }
  89   2          
  90   2        
  91   2          
  92   2          
  93   2          
  94   2        }
  95   1      }
  96          
  97          
  98          //initialization of lcd
  99          void lcdinit()
 100          {
 101   1        lcdcmd(0x38);
 102   1        lcdcmd(0x01);
 103   1        lcdcmd(0x10);
 104   1        lcdcmd(0x0c);
 105   1        lcdcmd(0x80);
 106   1        
 107   1      }
 108          
 109          //command function for lcd 
 110          void lcdcmd(unsigned char val)
 111          {
 112   1        P2=val;
 113   1        rs=0;
 114   1        rw=0;
 115   1        en=1;
 116   1        delay();
C51 COMPILER V9.60.0.0   ALCOHOL_DETECTION                                                 04/15/2021 21:24:19 PAGE 3   

 117   1        en=0;
 118   1        
 119   1      }
 120          
 121          // function for sending the data on lcd screen
 122          void lcddat(unsigned char dat)
 123          {
 124   1        P2=dat;
 125   1        rs=1;
 126   1        rw=0;
 127   1        en=1;
 128   1        delay();
 129   1        en=0;
 130   1        
 131   1      }
 132          
 133          
 134          // function for displaying the message on lcd screen
 135          void lcddis(unsigned char *s)
 136          {
 137   1        unsigned char w;
 138   1        for(w=0;s[w]!='\0';w++)
 139   1        {
 140   2          lcddat(s[w]);
 141   2        }
 142   1      }
 143            
 144          void delay()
 145          {
 146   1        unsigned int i;
 147   1        for(i=0;i<8000;i++);
 148   1        
 149   1      }


MODULE INFORMATION:   STATIC OVERLAYABLE
   CODE SIZE        =    319    ----
   CONSTANT SIZE    =    178    ----
   XDATA SIZE       =   ----    ----
   PDATA SIZE       =   ----    ----
   DATA SIZE        =   ----       4
   IDATA SIZE       =   ----    ----
   BIT SIZE         =   ----    ----
END OF MODULE INFORMATION.


C51 COMPILATION COMPLETE.  0 WARNING(S),  0 ERROR(S)
